0 info it worked if it ends with ok
1 verbose cli [ '/usr/local/bin/node', '/usr/local/bin/npm', 'run', 'dev' ]
<<<<<<< HEAD
2 info using npm@3.9.3
3 info using node@v6.2.1
4 verbose run-script [ 'predev', 'dev', 'postdev' ]
5 info lifecycle react-tutorials@0.0.0~predev: react-tutorials@0.0.0
6 silly lifecycle react-tutorials@0.0.0~predev: no script for predev, continuing
7 info lifecycle react-tutorials@0.0.0~dev: react-tutorials@0.0.0
8 verbose lifecycle react-tutorials@0.0.0~dev: unsafe-perm in lifecycle true
9 verbose lifecycle react-tutorials@0.0.0~dev: PATH: /usr/local/lib/node_modules/npm/bin/node-gyp-bin:/Applications/MAMP/htdocs/architecture-flux/node_modules/.bin:/usr/local/bin:/usr/local/bin:/usr/bin:/bin:/usr/sbin:/sbin:/Applications/MAMP/Library/bin/mysql
10 verbose lifecycle react-tutorials@0.0.0~dev: CWD: /Applications/MAMP/htdocs/architecture-flux
11 silly lifecycle react-tutorials@0.0.0~dev: Args: [ '-c', 'webpack-dev-server --content-base src --inline --hot' ]
12 silly lifecycle react-tutorials@0.0.0~dev: Returned: code: 1  signal: null
13 info lifecycle react-tutorials@0.0.0~dev: Failed to exec dev script
14 verbose stack Error: react-tutorials@0.0.0 dev: `webpack-dev-server --content-base src --inline --hot`
14 verbose stack Exit status 1
14 verbose stack     at EventEmitter.<anonymous> (/usr/local/lib/node_modules/npm/lib/utils/lifecycle.js:245:16)
14 verbose stack     at emitTwo (events.js:106:13)
14 verbose stack     at EventEmitter.emit (events.js:191:7)
14 verbose stack     at ChildProcess.<anonymous> (/usr/local/lib/node_modules/npm/lib/utils/spawn.js:24:14)
14 verbose stack     at emitTwo (events.js:106:13)
14 verbose stack     at ChildProcess.emit (events.js:191:7)
14 verbose stack     at maybeClose (internal/child_process.js:852:16)
14 verbose stack     at Process.ChildProcess._handle.onexit (internal/child_process.js:215:5)
15 verbose pkgid react-tutorials@0.0.0
16 verbose cwd /Applications/MAMP/htdocs/architecture-flux
17 error Darwin 15.6.0
18 error argv "/usr/local/bin/node" "/usr/local/bin/npm" "run" "dev"
19 error node v6.2.1
20 error npm  v3.9.3
21 error code ELIFECYCLE
22 error react-tutorials@0.0.0 dev: `webpack-dev-server --content-base src --inline --hot`
22 error Exit status 1
23 error Failed at the react-tutorials@0.0.0 dev script 'webpack-dev-server --content-base src --inline --hot'.
23 error Make sure you have the latest version of node.js and npm installed.
23 error If you do, this is most likely a problem with the react-tutorials package,
23 error not with npm itself.
23 error Tell the author that this fails on your system:
23 error     webpack-dev-server --content-base src --inline --hot
23 error You can get information on how to open an issue for this project with:
23 error     npm bugs react-tutorials
23 error Or if that isn't available, you can get their info via:
23 error     npm owner ls react-tutorials
23 error There is likely additional logging output above.
24 verbose exit [ 1, true ]
=======
2 info using npm@3.9.5
3 info using node@v6.2.2
4 verbose stack Error: ENOENT: no such file or directory, open '/Applications/MAMP/htdocs/architecture-flux/package.json'
4 verbose stack     at Error (native)
5 verbose cwd /Applications/MAMP/htdocs/architecture-flux
6 error Darwin 15.6.0
7 error argv "/usr/local/bin/node" "/usr/local/bin/npm" "run" "dev"
8 error node v6.2.2
9 error npm  v3.9.5
10 error path /Applications/MAMP/htdocs/architecture-flux/package.json
11 error code ENOENT
12 error errno -2
13 error syscall open
14 error enoent ENOENT: no such file or directory, open '/Applications/MAMP/htdocs/architecture-flux/package.json'
15 error enoent ENOENT: no such file or directory, open '/Applications/MAMP/htdocs/architecture-flux/package.json'
15 error enoent This is most likely not a problem with npm itself
15 error enoent and is related to npm not being able to find a file.
16 verbose exit [ -2, true ]
>>>>>>> 7eb9e21a6a3162042b2ea4e9838f48ac598bf1f8
